# JRE version: OpenJDK Runtime Environment (8.0_242-b01) (build 1.8.0_242-release-1644-b01)
# Java VM: OpenJDK 64-Bit Server VM (25.242-b01 mixed mode windows-amd64 compressed oops)
Heap:
 PSYoungGen      total 465920K, used 150093K [0x00000000d5580000, 0x0000000100000000, 0x0000000100000000)
  eden space 232960K, 64% used [0x00000000d5580000,0x00000000de813498,0x00000000e3900000)
  from space 232960K, 0% used [0x00000000e3900000,0x00000000e3900000,0x00000000f1c80000)
  to   space 232960K, 0% used [0x00000000f1c80000,0x00000000f1c80000,0x0000000100000000)
 ParOldGen       total 507904K, used 224325K [0x0000000080000000, 0x000000009f000000, 0x00000000d5580000)
  object space 507904K, 44% used [0x0000000080000000,0x000000008db11770,0x000000009f000000)
 Metaspace       used 121638K, capacity 131208K, committed 134528K, reserved 1167360K
  class space    used 15337K, capacity 16912K, committed 17536K, reserved 1048576K
GC Heap History (10 events):
Event: 7655.060 GC heap before
{Heap before GC invocations=127 (full 11):
 PSYoungGen      total 487936K, used 487494K [0x00000000d5580000, 0x0000000100000000, 0x0000000100000000)
  eden space 357888K, 100% used [0x00000000d5580000,0x00000000eb300000,0x00000000eb300000)
  from space 130048K, 99% used [0x00000000eb300000,0x00000000f3191b88,0x00000000f3200000)
  to   space 182272K, 0% used [0x00000000f4e00000,0x00000000f4e00000,0x0000000100000000)
 ParOldGen       total 392704K, used 205554K [0x0000000080000000, 0x0000000097f80000, 0x00000000d5580000)
  object space 392704K, 52% used [0x0000000080000000,0x000000008c8bcb10,0x0000000097f80000)
 Metaspace       used 121612K, capacity 131204K, committed 134528K, reserved 1167360K
  class space    used 15337K, capacity 16912K, committed 17536K, reserved 1048576K
Event: 7655.870 GC heap after
Heap after GC invocations=127 (full 11):
 PSYoungGen      total 437760K, used 182253K [0x00000000d5580000, 0x0000000100000000, 0x0000000100000000)
  eden space 255488K, 0% used [0x00000000d5580000,0x00000000d5580000,0x00000000e4f00000)
  from space 182272K, 99% used [0x00000000f4e00000,0x00000000ffffb400,0x0000000100000000)
  to   space 221696K, 0% used [0x00000000e4f00000,0x00000000e4f00000,0x00000000f2780000)
 ParOldGen       total 392704K, used 235186K [0x0000000080000000, 0x0000000097f80000, 0x00000000d5580000)
  object space 392704K, 59% used [0x0000000080000000,0x000000008e5aca28,0x0000000097f80000)
 Metaspace       used 121612K, capacity 131204K, committed 134528K, reserved 1167360K
  class space    used 15337K, capacity 16912K, committed 17536K, reserved 1048576K
}
Event: 7656.816 GC heap before
{Heap before GC invocations=128 (full 11):
 PSYoungGen      total 437760K, used 437741K [0x00000000d5580000, 0x0000000100000000, 0x0000000100000000)
  eden space 255488K, 100% used [0x00000000d5580000,0x00000000e4f00000,0x00000000e4f00000)
  from space 182272K, 99% used [0x00000000f4e00000,0x00000000ffffb400,0x0000000100000000)
  to   space 221696K, 0% used [0x00000000e4f00000,0x00000000e4f00000,0x00000000f2780000)
 ParOldGen       total 392704K, used 235186K [0x0000000080000000, 0x0000000097f80000, 0x00000000d5580000)
  object space 392704K, 59% used [0x0000000080000000,0x000000008e5aca28,0x0000000097f80000)
 Metaspace       used 121613K, capacity 131204K, committed 134528K, reserved 1167360K
  class space    used 15337K, capacity 16912K, committed 17536K, reserved 1048576K
Event: 7657.049 GC heap after
Heap after GC invocations=128 (full 11):
 PSYoungGen      total 477184K, used 221681K [0x00000000d5580000, 0x0000000100000000, 0x0000000100000000)
  eden space 255488K, 0% used [0x00000000d5580000,0x00000000d5580000,0x00000000e4f00000)
  from space 221696K, 99% used [0x00000000e4f00000,0x00000000f277c430,0x00000000f2780000)
  to   space 221696K, 0% used [0x00000000f2780000,0x00000000f2780000,0x0000000100000000)
 ParOldGen       total 392704K, used 239538K [0x0000000080000000, 0x0000000097f80000, 0x00000000d5580000)
  object space 392704K, 60% used [0x0000000080000000,0x000000008e9ecbf8,0x0000000097f80000)
 Metaspace       used 121613K, capacity 131204K, committed 134528K, reserved 1167360K
  class space    used 15337K, capacity 16912K, committed 17536K, reserved 1048576K
}
Event: 7658.020 GC heap before
{Heap before GC invocations=129 (full 11):
 PSYoungGen      total 477184K, used 476715K [0x00000000d5580000, 0x0000000100000000, 0x0000000100000000)
  eden space 255488K, 99% used [0x00000000d5580000,0x00000000e4e8eb98,0x00000000e4f00000)
  from space 221696K, 99% used [0x00000000e4f00000,0x00000000f277c430,0x00000000f2780000)
  to   space 221696K, 0% used [0x00000000f2780000,0x00000000f2780000,0x0000000100000000)
 ParOldGen       total 392704K, used 239538K [0x0000000080000000, 0x0000000097f80000, 0x00000000d5580000)
  object space 392704K, 60% used [0x0000000080000000,0x000000008e9ecbf8,0x0000000097f80000)
 Metaspace       used 121637K, capacity 131208K, committed 134528K, reserved 1167360K
  class space    used 15337K, capacity 16912K, committed 17536K, reserved 1048576K
Event: 7658.464 GC heap after
Heap after GC invocations=129 (full 11):
 PSYoungGen      total 454656K, used 221685K [0x00000000d5580000, 0x0000000100000000, 0x0000000100000000)
  eden space 232960K, 0% used [0x00000000d5580000,0x00000000d5580000,0x00000000e3900000)
  from space 221696K, 99% used [0x00000000f2780000,0x00000000ffffd7e8,0x0000000100000000)
  to   space 232960K, 0% used [0x00000000e3900000,0x00000000e3900000,0x00000000f1c80000)
 ParOldGen       total 392704K, used 294195K [0x0000000080000000, 0x0000000097f80000, 0x00000000d5580000)
  object space 392704K, 74% used [0x0000000080000000,0x0000000091f4ce60,0x0000000097f80000)
 Metaspace       used 121637K, capacity 131208K, committed 134528K, reserved 1167360K
  class space    used 15337K, capacity 16912K, committed 17536K, reserved 1048576K
}
Event: 7659.095 GC heap before
{Heap before GC invocations=130 (full 11):
 PSYoungGen      total 454656K, used 454645K [0x00000000d5580000, 0x0000000100000000, 0x0000000100000000)
  eden space 232960K, 100% used [0x00000000d5580000,0x00000000e3900000,0x00000000e3900000)
  from space 221696K, 99% used [0x00000000f2780000,0x00000000ffffd7e8,0x0000000100000000)
  to   space 232960K, 0% used [0x00000000e3900000,0x00000000e3900000,0x00000000f1c80000)
 ParOldGen       total 392704K, used 294195K [0x0000000080000000, 0x0000000097f80000, 0x00000000d5580000)
  object space 392704K, 74% used [0x0000000080000000,0x0000000091f4ce60,0x0000000097f80000)
 Metaspace       used 121637K, capacity 131208K, committed 134528K, reserved 1167360K
  class space    used 15337K, capacity 16912K, committed 17536K, reserved 1048576K
Event: 7659.976 GC heap after
Heap after GC invocations=130 (full 11):
 PSYoungGen      total 465920K, used 232950K [0x00000000d5580000, 0x0000000100000000, 0x0000000100000000)
  eden space 232960K, 0% used [0x00000000d5580000,0x00000000d5580000,0x00000000e3900000)
  from space 232960K, 99% used [0x00000000e3900000,0x00000000f1c7d9a8,0x00000000f1c80000)
  to   space 232960K, 0% used [0x00000000f1c80000,0x00000000f1c80000,0x0000000100000000)
 ParOldGen       total 396288K, used 396271K [0x0000000080000000, 0x0000000098300000, 0x00000000d5580000)
  object space 396288K, 99% used [0x0000000080000000,0x00000000982fbd18,0x0000000098300000)
 Metaspace       used 121637K, capacity 131208K, committed 134528K, reserved 1167360K
  class space    used 15337K, capacity 16912K, committed 17536K, reserved 1048576K
}
Event: 7659.977 GC heap before
{Heap before GC invocations=131 (full 12):
 PSYoungGen      total 465920K, used 232950K [0x00000000d5580000, 0x0000000100000000, 0x0000000100000000)
  eden space 232960K, 0% used [0x00000000d5580000,0x00000000d5580000,0x00000000e3900000)
  from space 232960K, 99% used [0x00000000e3900000,0x00000000f1c7d9a8,0x00000000f1c80000)
  to   space 232960K, 0% used [0x00000000f1c80000,0x00000000f1c80000,0x0000000100000000)
 ParOldGen       total 396288K, used 396271K [0x0000000080000000, 0x0000000098300000, 0x00000000d5580000)
  object space 396288K, 99% used [0x0000000080000000,0x00000000982fbd18,0x0000000098300000)
 Metaspace       used 121637K, capacity 131208K, committed 134528K, reserved 1167360K
  class space    used 15337K, capacity 16912K, committed 17536K, reserved 1048576K
Event: 7677.853 GC heap after
Heap after GC invocations=131 (full 12):
 PSYoungGen      total 465920K, used 0K [0x00000000d5580000, 0x0000000100000000, 0x0000000100000000)
  eden space 232960K, 0% used [0x00000000d5580000,0x00000000d5580000,0x00000000e3900000)
  from space 232960K, 0% used [0x00000000e3900000,0x00000000e3900000,0x00000000f1c80000)
  to   space 232960K, 0% used [0x00000000f1c80000,0x00000000f1c80000,0x0000000100000000)
 ParOldGen       total 507904K, used 224325K [0x0000000080000000, 0x000000009f000000, 0x00000000d5580000)
  object space 507904K, 44% used [0x0000000080000000,0x000000008db11770,0x000000009f000000)
 Metaspace       used 121637K, capacity 131208K, committed 134528K, reserved 1167360K
  class space    used 15337K, capacity 16912K, committed 17536K, reserved 1048576K
}

