# JRE version: OpenJDK Runtime Environment (8.0_242-b01) (build 1.8.0_242-release-1644-b01)
# Java VM: OpenJDK 64-Bit Server VM (25.242-b01 mixed mode windows-amd64 compressed oops)
Heap:
 PSYoungGen      total 665088K, used 211876K [0x00000000d5580000, 0x0000000100000000, 0x0000000100000000)
  eden space 631296K, 28% used [0x00000000d5580000,0x00000000e036bb68,0x00000000fbe00000)
  from space 33792K, 99% used [0x00000000fbe00000,0x00000000fdefd820,0x00000000fdf00000)
  to   space 33792K, 0% used [0x00000000fdf00000,0x00000000fdf00000,0x0000000100000000)
 ParOldGen       total 166400K, used 88867K [0x0000000080000000, 0x000000008a280000, 0x00000000d5580000)
  object space 166400K, 53% used [0x0000000080000000,0x00000000856c8d08,0x000000008a280000)
 Metaspace       used 112237K, capacity 118290K, committed 118348K, reserved 1153024K
  class space    used 14548K, capacity 15739K, committed 15744K, reserved 1048576K
GC Heap History (10 events):
Event: 82.668 GC heap before
{Heap before GC invocations=19 (full 3):
 PSYoungGen      total 559616K, used 540484K [0x00000000d5580000, 0x00000000ffe00000, 0x0000000100000000)
  eden space 532992K, 100% used [0x00000000d5580000,0x00000000f5e00000,0x00000000f5e00000)
  from space 26624K, 28% used [0x00000000f5e00000,0x00000000f6551030,0x00000000f7800000)
  to   space 25600K, 0% used [0x00000000fe500000,0x00000000fe500000,0x00000000ffe00000)
 ParOldGen       total 108032K, used 68657K [0x0000000080000000, 0x0000000086980000, 0x00000000d5580000)
  object space 108032K, 63% used [0x0000000080000000,0x000000008430c7e0,0x0000000086980000)
 Metaspace       used 85862K, capacity 90204K, committed 90328K, reserved 1128448K
  class space    used 11299K, capacity 12179K, committed 12288K, reserved 1048576K
Event: 82.918 GC heap after
Heap after GC invocations=19 (full 3):
 PSYoungGen      total 671232K, used 15258K [0x00000000d5580000, 0x00000000fff00000, 0x0000000100000000)
  eden space 645632K, 0% used [0x00000000d5580000,0x00000000d5580000,0x00000000fcc00000)
  from space 25600K, 59% used [0x00000000fe500000,0x00000000ff3e6870,0x00000000ffe00000)
  to   space 25600K, 0% used [0x00000000fcc00000,0x00000000fcc00000,0x00000000fe500000)
 ParOldGen       total 108032K, used 69438K [0x0000000080000000, 0x0000000086980000, 0x00000000d5580000)
  object space 108032K, 64% used [0x0000000080000000,0x00000000843cf8b8,0x0000000086980000)
 Metaspace       used 85862K, capacity 90204K, committed 90328K, reserved 1128448K
  class space    used 11299K, capacity 12179K, committed 12288K, reserved 1048576K
}
Event: 100.356 GC heap before
{Heap before GC invocations=20 (full 3):
 PSYoungGen      total 671232K, used 401747K [0x00000000d5580000, 0x00000000fff00000, 0x0000000100000000)
  eden space 645632K, 59% used [0x00000000d5580000,0x00000000eceee758,0x00000000fcc00000)
  from space 25600K, 59% used [0x00000000fe500000,0x00000000ff3e6870,0x00000000ffe00000)
  to   space 25600K, 0% used [0x00000000fcc00000,0x00000000fcc00000,0x00000000fe500000)
 ParOldGen       total 108032K, used 69438K [0x0000000080000000, 0x0000000086980000, 0x00000000d5580000)
  object space 108032K, 64% used [0x0000000080000000,0x00000000843cf8b8,0x0000000086980000)
 Metaspace       used 93726K, capacity 98264K, committed 98380K, reserved 1134592K
  class space    used 12216K, capacity 13169K, committed 13184K, reserved 1048576K
Event: 100.747 GC heap after
Heap after GC invocations=20 (full 3):
 PSYoungGen      total 669184K, used 23486K [0x00000000d5580000, 0x0000000100000000, 0x0000000100000000)
  eden space 645632K, 0% used [0x00000000d5580000,0x00000000d5580000,0x00000000fcc00000)
  from space 23552K, 99% used [0x00000000fcc00000,0x00000000fe2efaf0,0x00000000fe300000)
  to   space 28672K, 0% used [0x00000000fe400000,0x00000000fe400000,0x0000000100000000)
 ParOldGen       total 108032K, used 69446K [0x0000000080000000, 0x0000000086980000, 0x00000000d5580000)
  object space 108032K, 64% used [0x0000000080000000,0x00000000843d18b8,0x0000000086980000)
 Metaspace       used 93726K, capacity 98264K, committed 98380K, reserved 1134592K
  class space    used 12216K, capacity 13169K, committed 13184K, reserved 1048576K
}
Event: 100.747 GC heap before
{Heap before GC invocations=21 (full 4):
 PSYoungGen      total 669184K, used 23486K [0x00000000d5580000, 0x0000000100000000, 0x0000000100000000)
  eden space 645632K, 0% used [0x00000000d5580000,0x00000000d5580000,0x00000000fcc00000)
  from space 23552K, 99% used [0x00000000fcc00000,0x00000000fe2efaf0,0x00000000fe300000)
  to   space 28672K, 0% used [0x00000000fe400000,0x00000000fe400000,0x0000000100000000)
 ParOldGen       total 108032K, used 69446K [0x0000000080000000, 0x0000000086980000, 0x00000000d5580000)
  object space 108032K, 64% used [0x0000000080000000,0x00000000843d18b8,0x0000000086980000)
 Metaspace       used 93726K, capacity 98264K, committed 98380K, reserved 1134592K
  class space    used 12216K, capacity 13169K, committed 13184K, reserved 1048576K
Event: 104.527 GC heap after
Heap after GC invocations=21 (full 4):
 PSYoungGen      total 669184K, used 0K [0x00000000d5580000, 0x0000000100000000, 0x0000000100000000)
  eden space 645632K, 0% used [0x00000000d5580000,0x00000000d5580000,0x00000000fcc00000)
  from space 23552K, 0% used [0x00000000fcc00000,0x00000000fcc00000,0x00000000fe300000)
  to   space 28672K, 0% used [0x00000000fe400000,0x00000000fe400000,0x0000000100000000)
 ParOldGen       total 166400K, used 65592K [0x0000000080000000, 0x000000008a280000, 0x00000000d5580000)
  object space 166400K, 39% used [0x0000000080000000,0x000000008400e1d8,0x000000008a280000)
 Metaspace       used 93644K, capacity 98032K, committed 98380K, reserved 1134592K
  class space    used 12190K, capacity 13123K, committed 13184K, reserved 1048576K
}
Event: 134.925 GC heap before
{Heap before GC invocations=22 (full 4):
 PSYoungGen      total 669184K, used 645632K [0x00000000d5580000, 0x0000000100000000, 0x0000000100000000)
  eden space 645632K, 100% used [0x00000000d5580000,0x00000000fcc00000,0x00000000fcc00000)
  from space 23552K, 0% used [0x00000000fcc00000,0x00000000fcc00000,0x00000000fe300000)
  to   space 28672K, 0% used [0x00000000fe400000,0x00000000fe400000,0x0000000100000000)
 ParOldGen       total 166400K, used 65592K [0x0000000080000000, 0x000000008a280000, 0x00000000d5580000)
  object space 166400K, 39% used [0x0000000080000000,0x000000008400e1d8,0x000000008a280000)
 Metaspace       used 103234K, capacity 108124K, committed 108236K, reserved 1142784K
  class space    used 13342K, capacity 14326K, committed 14336K, reserved 1048576K
Event: 135.301 GC heap after
Heap after GC invocations=22 (full 4):
 PSYoungGen      total 659968K, used 28655K [0x00000000d5580000, 0x0000000100000000, 0x0000000100000000)
  eden space 631296K, 0% used [0x00000000d5580000,0x00000000d5580000,0x00000000fbe00000)
  from space 28672K, 99% used [0x00000000fe400000,0x00000000ffffbc58,0x0000000100000000)
  to   space 33792K, 0% used [0x00000000fbe00000,0x00000000fbe00000,0x00000000fdf00000)
 ParOldGen       total 166400K, used 67335K [0x0000000080000000, 0x000000008a280000, 0x00000000d5580000)
  object space 166400K, 40% used [0x0000000080000000,0x00000000841c1cb0,0x000000008a280000)
 Metaspace       used 103234K, capacity 108124K, committed 108236K, reserved 1142784K
  class space    used 13342K, capacity 14326K, committed 14336K, reserved 1048576K
}
Event: 152.643 GC heap before
{Heap before GC invocations=23 (full 4):
 PSYoungGen      total 659968K, used 659951K [0x00000000d5580000, 0x0000000100000000, 0x0000000100000000)
  eden space 631296K, 100% used [0x00000000d5580000,0x00000000fbe00000,0x00000000fbe00000)
  from space 28672K, 99% used [0x00000000fe400000,0x00000000ffffbc58,0x0000000100000000)
  to   space 33792K, 0% used [0x00000000fbe00000,0x00000000fbe00000,0x00000000fdf00000)
 ParOldGen       total 166400K, used 67335K [0x0000000080000000, 0x000000008a280000, 0x00000000d5580000)
  object space 166400K, 40% used [0x0000000080000000,0x00000000841c1cb0,0x000000008a280000)
 Metaspace       used 112173K, capacity 118270K, committed 118348K, reserved 1153024K
  class space    used 14544K, capacity 15735K, committed 15744K, reserved 1048576K
Event: 153.183 GC heap after
Heap after GC invocations=23 (full 4):
 PSYoungGen      total 665088K, used 33782K [0x00000000d5580000, 0x0000000100000000, 0x0000000100000000)
  eden space 631296K, 0% used [0x00000000d5580000,0x00000000d5580000,0x00000000fbe00000)
  from space 33792K, 99% used [0x00000000fbe00000,0x00000000fdefd820,0x00000000fdf00000)
  to   space 33792K, 0% used [0x00000000fdf00000,0x00000000fdf00000,0x0000000100000000)
 ParOldGen       total 166400K, used 88867K [0x0000000080000000, 0x000000008a280000, 0x00000000d5580000)
  object space 166400K, 53% used [0x0000000080000000,0x00000000856c8d08,0x000000008a280000)
 Metaspace       used 112173K, capacity 118270K, committed 118348K, reserved 1153024K
  class space    used 14544K, capacity 15735K, committed 15744K, reserved 1048576K
}

